#
# A fatal error has been detected by the Java Runtime Environment:
#
#  SIGBUS (0x7) at pc=0x00410038, pid=4552, tid=2343943024
#
# JRE version: 6.0_20-b20
# Java VM: OpenJDK Server VM (19.0-b09 mixed mode linux-x86 )
# Derivative: IcedTea6 1.9.10
# Distribution: Ubuntu 10.10, package 6b20-1.9.10-0ubuntu1~10.10.2
# Problematic frame:
# 
[error occurred during error reporting (printing problematic frame), id 0x7]

# If you would like to submit a bug report, please include
# instructions how to reproduce the bug and visit:
#   https://bugs.launchpad.net/ubuntu/+source/openjdk-6/
# The crash happened outside the Java Virtual Machine in native code.
# See problematic frame for where to report the bug.
#

---------------  T H R E A D  ---------------

Current thread (0x8b8d7000):  JavaThread "AWT-EventQueue-0" [_thread_in_native, id=4576, stack(0x8bb0b000,0x8bb5c000)]

siginfo:si_signo=SIGBUS: si_errno=0, si_code=2 (BUS_ADRERR), si_addr=0x00487368

Registers:
EAX=0xa9da108c, EBX=0x00486ff4, ECX=0x00000050, EDX=0x0a61a000
ESP=0x8bb5a32c, EBP=0x8bb5a368, ESI=0x8b8d7118, EDI=0xa9da108c
EIP=0x00410038, CR2=0x00487368, EFLAGS=0x00210206

Register to memory mapping:

EAX=0xa9da108c

[error occurred during error reporting (printing registers, top of stack, instructions near pc), id 0xe0000000]

Stack: [0x8bb0b000,0x8bb5c000],  sp=0x8bb5a32c,  free space=316k
Native frames: (J=compiled Java code, j=interpreted, Vv=VM code, C=native code)

[error occurred during error reporting (printing native stack), id 0x7]

Java frames: (J=compiled Java code, j=interpreted, Vv=VM code)
j  com.badlogic.gdx.utils.BufferUtils.copyJni([FLjava/nio/Buffer;II)V+0
j  com.badlogic.gdx.utils.BufferUtils.copy([FLjava/nio/Buffer;II)V+4
j  com.badlogic.gdx.graphics.glutils.VertexArray.setVertices([FII)V+7
j  com.badlogic.gdx.graphics.Mesh.setVertices([FII)V+7
j  com.badlogic.gdx.graphics.g2d.SpriteBatch.renderMesh()V+59
j  com.badlogic.gdx.graphics.g2d.SpriteBatch.end()V+25
j  com.maple.eggsnake.GameListener.render()V+24
j  com.badlogic.gdx.backends.jogl.JoglGraphics.display(Ljavax/media/opengl/GLAutoDrawable;)V+114
j  com.sun.opengl.impl.GLDrawableHelper.display(Ljavax/media/opengl/GLAutoDrawable;)V+29
j  javax.media.opengl.GLCanvas$DisplayAction.run()V+80
j  com.sun.opengl.impl.GLDrawableHelper.invokeGL(Ljavax/media/opengl/GLDrawable;Ljavax/media/opengl/GLContext;Ljava/lang/Runnable;Ljava/lang/Runnable;)V+418
j  javax.media.opengl.GLCanvas$DisplayOnEventDispatchThreadAction.run()V+35
j  java.awt.event.InvocationEvent.dispatch()V+11
j  java.awt.EventQueue.dispatchEventImpl(Ljava/awt/AWTEvent;Ljava/lang/Object;)V+21
j  java.awt.EventQueue.access$000(Ljava/awt/EventQueue;Ljava/awt/AWTEvent;Ljava/lang/Object;)V+3
j  java.awt.EventQueue$1.run()Ljava/lang/Void;+12
j  java.awt.EventQueue$1.run()Ljava/lang/Object;+1
v  ~StubRoutines::call_stub
j  java.security.AccessController.doPrivileged(Ljava/security/PrivilegedAction;Ljava/security/AccessControlContext;)Ljava/lang/Object;+0
j  java.security.AccessControlContext$1.doIntersectionPrivilege(Ljava/security/PrivilegedAction;Ljava/security/AccessControlContext;Ljava/security/AccessControlContext;)Ljava/lang/Object;+28
j  java.awt.EventQueue.dispatchEvent(Ljava/awt/AWTEvent;)V+46
j  java.awt.EventDispatchThread.pumpOneEventForFilters(I)Z+192
j  java.awt.EventDispatchThread.pumpEventsForFilter(ILjava/awt/Conditional;Ljava/awt/EventFilter;)V+30
j  java.awt.EventDispatchThread.pumpEventsForHierarchy(ILjava/awt/Conditional;Ljava/awt/Component;)V+11
j  java.awt.EventDispatchThread.pumpEvents(ILjava/awt/Conditional;)V+4
j  java.awt.EventDispatchThread.pumpEvents(Ljava/awt/Conditional;)V+3
j  java.awt.EventDispatchThread.run()V+9
v  ~StubRoutines::call_stub

---------------  P R O C E S S  ---------------

Java Threads: ( => current thread )
  0x8b8d9000 JavaThread "DestroyJavaVM" [_thread_blocked, id=4555, stack(0xb77dc000,0xb782d000)]
  0x0a2d6000 JavaThread "Thread-2" [_thread_blocked, id=4594, stack(0x867ac000,0x867fd000)]
=>0x8b8d7000 JavaThread "AWT-EventQueue-0" [_thread_in_native, id=4576, stack(0x8bb0b000,0x8bb5c000)]
  0x8b8da800 JavaThread "AWT-Shutdown" [_thread_blocked, id=4575, stack(0x8bb5d000,0x8bbae000)]
  0x8b8d4c00 JavaThread "AWT-XAWT" daemon [_thread_blocked, id=4569, stack(0x8b9af000,0x8ba00000)]
  0x0a03f400 JavaThread "Java2D Disposer" daemon [_thread_blocked, id=4568, stack(0x8bc4e000,0x8bc9f000)]
  0x09f4f000 JavaThread "Low Memory Detector" daemon [_thread_blocked, id=4566, stack(0x8bd52000,0x8bda3000)]
  0x09f4bc00 JavaThread "CompilerThread1" daemon [_thread_blocked, id=4565, stack(0x8bda3000,0x8be24000)]
  0x09f49800 JavaThread "CompilerThread0" daemon [_thread_blocked, id=4564, stack(0x8be24000,0x8bea5000)]
  0x09f48400 JavaThread "Signal Dispatcher" daemon [_thread_blocked, id=4563, stack(0x8bea5000,0x8bef6000)]
  0x09f35800 JavaThread "Finalizer" daemon [_thread_blocked, id=4562, stack(0x8c0f6000,0x8c147000)]
  0x09f34000 JavaThread "Reference Handler" daemon [_thread_blocked, id=4561, stack(0x8c147000,0x8c198000)]

Other Threads:
  0x09f30400 VMThread [stack: 0x8c198000,0x8c219000] [id=4560]
  0x09f50c00 WatcherThread [stack: 0x8bcd1000,0x8bd52000] [id=4567]

VM state:not at safepoint (normal execution)

VM Mutex/Monitor currently owned by a thread: None

Heap
 PSYoungGen      total 9408K, used 2977K [0xa9c70000, 0xaa6e0000, 0xb4710000)
  eden space 8128K, 25% used [0xa9c70000,0xa9e700f0,0xaa460000)
  from space 1280K, 72% used [0xaa460000,0xaa5484e0,0xaa5a0000)
  to   space 1280K, 0% used [0xaa5a0000,0xaa5a0000,0xaa6e0000)
 PSOldGen        total 21376K, used 0K [0x94710000, 0x95bf0000, 0xa9c70000)
  object space 21376K, 0% used [0x94710000,0x94710000,0x95bf0000)
 PSPermGen       total 16384K, used 11201K [0x8c710000, 0x8d710000, 0x94710000)
  object space 16384K, 68% used [0x8c710000,0x8d200710,0x8d710000)

Dynamic libraries:
